@USER	@
Yeah	!
Im	L
goodie	A
just	R
in	P
the	D
lab	N
working	V
...	,
Wow	!
!	,
I	O
need	V
to	P
be	V
where	R
you	O
at	P
!	,
lol	!
let	V
me	O
visit	V

Does	V
it	O
feel	V
like	P
Summer	N
to	P
you	O
?	,
It	O
does	V
in	P
Myrtle	^
Beach	^
,	,
South	^
Carolina	^
its	L
1000	$
degrees	N

@USER	@
no	D
one	N
cares	V
.	,
ppl	N
are	V
used	A
to	P
foolish	A
grabs	N
for	P
attention	N
.	,
they'll	L
just	R
*	,
shrug	V
*	,

Red	A
wine	N
in	P
beautiful	A
china	^
....	,

RT	~
@USER	@
:	~
RT	~
@USER	@
RT	~
@USER	@
:	~
Vid	N
&	&
footage	N
of	P
Daytona	^
Commish	N
getting	V
busted	V
for	P
Ballot	N
fraud	N
.	,
http	U

i've	L
always	R
had	V
my	D
eye	N
on	P
this	D
one	$
particular	A
guy	N
....	,
i	O
was	V
too	R
shy	A
,	,
so	R
i	O
decided	V
to	P
write	V

@USER	@
thanks	N

How	R
to	P
Create	V
the	D
Perfect	A
Mudroom	N
(	,
1000	$
photos	N
):	,
A	D
mudroom	N
is	V
a	D
terrific	A
room	N
to	P
have	V
in	P
your	D
home	N
especially	R
a	D
...	~
http	U
#hashtag	#

remember	V
!	,
if	P
ur	L
in	P
htown	^
or	&
visiting	V
this	D
weekend	N
,	,
we	O
are	V
headed	V
to	P
the	D
drag	N
show	N
@	P
1000	$
!	,
join	V
us	O
!	,

Man	!
,	,
Heat	^
need	V
Tahj	^
on	P
the	D
court	N
.	,

Ignite	V
to	P
Write	V
:	,
This	D
Photo	N
Needs	V
a	D
Title	N
!:	,
This	D
photograph	N
certainly	R
needs	V
a	D
title	N
!	,
Can	V
you	O
give	V
it	O
one	$
?	,
It	O
se	G
...	~
http	U

We	O
went	V
1000	R
long	A
without	P
talkin	V
bout	P
some	D
shit	N
I	O
don't	V
care	V
1000	P
discuss	V
.	,
I	O
guess	V
its	L
about	P
that	D
time	N
.	,
The	D
peace	N
was	V
good	A
while	P
it	O
lasted	V
*	,
sighs	V

Gradpics	N
Today	N
<3	E
!!	,

You	O
are	V
my	D
sunshine	N

★ⓕⓤⓒⓚⓘⓝⓕⓞⓛⓛⓞⓦⓝⓞⓦ★	G
@USER	@
@USER	@
@USER	@
@USER	@
@USER	@
@USER	@
@USER	@
@USER	@
@USER	@

UNC	^
lookin	V
'	,
good	A
right	R
about	P
now	R
.	,
Might	V
hafta	V
start	V
this	D
application	N

@USER	@
Heh	!
.	,
Can't	V
go	V
wrong	A
at	P
minimum	A
wage	N
.	,

@USER	@
Ok	!
thank	V
you	O
!!	,
:)	E
I	O
will	V
check	V
it	O
out♥	T

What	O
are	V
Wrinkles	N
?	,
http	U

Life	N
is	V
like	P
photography	N
,	,
we	O
use	V
the	D
negatives	N
to	P
develop	V
.	,

pkollar	^
:	,
@USER	@
Really	R
?	,
How	R
soon	R
?	,
I	O
didn't	V
realize	V
!	,
[	,
Phil	^
Kollar	^
@USER	@
Really	R
?	,
How	R
soon	R
?	,
I	O
didn't	V
realize	V
!	,
]	,
http	U

"	,
RUN	V
DAT	O
"	,
by	P
@USER	@
ft	V
.	,
@USER	@
DOWNLOAD	V
NOW	R
!!!!!	,
http	U

@USER	@
Omg	!
don't	V
start	V
with	P
me	O
.	,

Free	A
1000	N
of	P
Lindt	^
Truffles	N
(	,
US	^
)	,
http	U

Pretty	R
simple	A
actually	R
.	,
 	G
The	D
DataContext	N
will	V
tunnel	V
down	R
to	P
controls	N
below	P
it	O
in	P
the	D
tree	N
.	,
 	G
The	D
ListBox	N
...	~
http	U
#hashtag	#
#hashtag	#

I'm	L
at	P
Scopa	^
(	,
1000	$
Plaza	^
St.	^
,	,
Healdsburg	^
Ave	^
.,	,
Healdsburg)	^
.	,
http	U

Prescription	N
glasses	N
starting	V
at	P
$	G
1000	$
!	,
Virtually	R
try	V
before	P
you	O
buy	V
with	P
the	D
Zenni	^
Frame	N
Fit	N
!	,
http	U
(	,
Ad	N
)	,

@USER	@
on	P
my	D
way	N
...	,
Lol	!

Fake	A
weak	A
music	N
makers	N
irritate	V
my	D
ear	N

What	O
makes	V
u	O
not	R
want	V
to	P
tell	V
me	O
the	D
truth	N
?	,
What's	L
the	D
fuckn	A
point	N
.	,
When	R
do	V
u	O
tell	V
the	D
truth	N
...	,
Lies	N
are	V
not	R
for	P
me	O
.	,

@USER	@
give	V
him	O
my	D
love	N
!	,

@USER	@
V____V	E
so	P
I	O
am	V
Frank	^
,	,
so	P
I	O
am	V
.	,
#hashtag	#

@USER	@
hey	!
Jream	^
,	,
where	R
will	V
the	D
after	N
party	N
be	V
at	P
?	,

@USER	@
what's	L
going	V
on	T
?	,
:(	E
I	O
love	V
you	O
!	,
<3	E

BRICK	R
STRONG	A
.	,
RIP	G
EVAN	^
.	,
<3	E

RT	~
@USER	@
#hashtag	^
pays	V
the	D
cost	N
of	P
developer	N
breakfast	N
back	R
to	P
feed	V
1000	$
children	N
through	P
WeFeedback	^

Beat	V
Fable	^
1000	$
with	P
flying	V
colors	N
.	,
Now	R
to	P
be	V
a	D
bit	A
more	R
extreme	A

New	A
tweetaway	N
!	,
Follow	V
@USER	@
&	&
RT	V
to	P
enter	V
to	P
win	V
a	D
prize	N
from	P
Obagi	^
!	,
1000	$
winner	N
every	D
day	N
this	D
week	N
!	,
http	U
Good	A
Luck	N
!	,

RT	~
@USER	@
:	~
Shout-out	V
to	P
@USER	@
definition	N
of	P
lil	^
webbies	Z
i-n-d-e-p-e-n-d-e-n-t	A
-->	G
do	V
you	O
know	V
what	O
means	V
man	N
???	,
«	~
Ayyye	!
!	,

I	O
wanna	V
do	V
something	N
tonight	R
.	,

@USER	@
looking	V
for	P
the	D
same	A

...	,
I	O
love	V
him	O
and	&
he	O
love	V
me	O
...	,
aint	V
nuthin	N
u	O
can	V
tell	V
us	O
...	,
u	O
can	V
try	V
all	D
u	O
want	V
to	P
this	D
bond	N
is	V
too	R
strong	A
...	,
so	R
imma	L
n…	G
http	U

@USER	@
yea	!
they	O
cancel	V
out	T
and	&
durant	^
fuck	V
around	T
and	&
have	V
1000	$
,	,
they	O
have	V
no	D
answer	N
for	P
him	O
nobody	N
does	V
...	,

Today	N
is	V
#hashtag	^
day	N
!	,
Go	V
@USER	@

What	O
do	V
you	O
think	V
of	P
the	D
New	A
MySpace	^
?	,
http	U

RT	~
@USER	@
:	~
I	O
can	V
say	V
that	P
tonights	S
1000	$
is	V
gonna	V
be	V
a	D
zoo	N
!	,
@USER	@
&	&
Janet	^
on	P
the	D
same	A
show	N
?	,
#hashtag	#
!	,

Sugary	A
Drinks	N
May	V
Raise	V
Diabetes	N
Risk	N
:	G
http	U
via	P
@USER	@

Amelllll	^
!!	,

Yakiiin	G
..	,
RT	~
@USER	@
:	~
I	O
don't	V
mind	V
..:	E
(	E
..	,
RT	~
@USER	@
:	~
If	P
i	O
never	R
see	V
u	D
face	N
again	R
(¬_¬	E
"	E
)	E
http	U

1000	$
O	^
VF20	^
ANACS	^
SILVER	A
Morgan	^
Dollar	N
NEW	^
ORLEANS	^
COIN	N
:	,
US	^
$	G
1000	$
(	,
1000	$
Bid	N
)	,
End	N
Date	N
:	,
Tuesday…	^
http	U

I	O
missed	V
house	^
of	P
glam	^
:	E
1000	E
(	E

A	D
truly	R
Innovative	A
way	N
to	P
Michael	^
Owen	^
.:	,
Manchester	^
Uniteds	Z
injury	A
plagued	A
striker	N
Michael	^
Owen	^
looks	V
set	V
to	P
miss	V
...	~
http	U

So	P
Glee	^
was	V
cute	A
.	,
I	O
love	V
@USER	@
.	,
He	O
was	V
fabulous	A
.	,

KOBE	^
WILL	V
BE	V
MVP	N
THIS	D
YEAR	N

@USER	@
benadryl	^
is	V
your	D
friend	N
lol	!

Journalists	N
and	&
Social	A
Media	N
experts	N
alike	R
will	V
appreciate	V
this	D
spoof	N
out	P
of	P
Dallas	^
:	,
http	U

Lets	L
go	V
Lakers	^

#hashtag	#
ya'll	O
ready	A
??	,
:)	E

@USER	@
-_-	E
a	N
hole	N

You	O
smile	V
I	O
smile	V
!	,

Justin	^
Bieber’s	Z
'	,
My	D
World	N
'	,
can	V
be	V
Your	D
World	N
Too	R
on	P
Black	^
Friday	^
http	U

Im	L
Bout	P
to	P
eat	V
something	N
real	R
quick	A

What	D
#hashtag	N
are	V
currently	R
least	R
satisfied	A
with	P
in	P
their	D
trade	N
show	N
display	N
http	U
#hashtag	#
#hashtag	#
#hashtag	#
#hashtag	#

I've	L
been	V
singing	V
a	D
new	A
tune	N
a	D
long	A
time	N
ago	R
you	O
just	R
weren't	V
listening	V
...	,
now	R
maybe	R
you'll	L
pay	V
better	A
attention	N

#hashtag	^
Marathon	N
while	P
I	O
write	V
my	D
papers	N
.	,

going	V
through	P
my	D
flickr	^
..	,
just	R
thought	V
id	L
re-share	V
my	D
fave	A
pic	N
of	P
@USER	@
from	P
toronto	^
warped	^
.	,
http	U
<3	E

@USER	@
Tyra	^
mail	N
...	,
how	R
r	V
u	O
??	,

RT	~
@USER	@
:	~
When	R
life	N
gives	V
you	O
a	D
hundred	$
reasons	N
to	P
cry	V
,	,
stay	V
strong	A
!	,
Show	V
life	N
that	P
you	O
have	V
a	D
thousand	$
reasons	N
to	P
smile	V
.	,
-Unknown	^

RT	~
@USER	@
:	~
It's	L
like	P
wherever	R
LeBron	^
goes	V
,	,
he	O
sucks	V
the	D
ability	N
from	P
his	D
teammates	N
.	,
It's	L
weird	A
.	,
Like	P
some	D
kind	N
of	P
disease	N
or	&
somet	N
...	~

@USER	@
hell	!
yea	!

RT	~
@USER	@
Our	D
time	N
is	V
now	R
!	,
Support	V
women	N
as	P
full	A
peacemaking	N
partners	N
.	,
#hashtag	G
&	&
sign	V
the	D
petition	N
:	,
http	U

@USER	@
Good	A
Morning	N
Mikey	^
Baby	N
:D	E
lol	!
!	,
*	,
hugs	V
&	&
kisses	V
ya	D
cheek	N
*	,

BANGTIMEEEEEEEEEEEEEEEEEEEE	N

Nothin	N
new	A
in	P
my	D
book	N
RT	~
@USER	@
When	R
he's	L
stroking	V
in	P
&	&
out	P
...	,
Tighten	V
ya	D
pussy	N
muscles	N
when	R
he's	L
goin	V
OUT	P
!	,
#hashtag	#

Look	V
,	,
I	O
need	V
less	A
friends	N
more	A
bread	N
,	,
less	A
talk	N
,	,
more	A
head	N
"	,

@USER	@
GETS	V
ON	P
MY	D
MF	A
LAST	A
NERVES	N
BUT	&
I	O
DEAL	V
WIT	P
IT	O
#hashtag	#
BIG	A
HEAD	N

@USER	@
funnn	A
;)	E
haha	!

kinda	R
like	P
that	O
.	,
making	V
a	D
diff	N
in	P
someones	S
life	N
.	,

Most	A
of	P
these	D
article	N
submission	N
engines	N
have	V
these	D
stupid	A
stock	N
photos	N
for	P
"	,
Author	N
Pics	N
,"	,
but	&
this	D
one	$
is	V
a	D
"	,
AMAZINE	A
"	,
http	U

Bad	A
day	N

HIGHHHHHH	!
@USER	@
:)	E

"	,
Because	P
if	P
seeing	V
is	V
believing	V
,	,
then	R
believe	V
that	P
we	O
have	V
lost	V
our	D
eyes	N
..."	,
#hashtag	#

hi	!
internet	N
<3	E

Sleep	V
,	,
bye	!
!	,

Where's	L
the	D
video	N
@USER	@
&	&
@USER	@
took	V
of	P
me	O
??	,
EXACTLY	R
!	,
Lmao	!

Back	R
to	P
real	A
life	N
:	,
picking	V
up	T
Camp	^
Kern	^
fundraiser	N
pizzas	N
tonight	R
,	,
hoping	V
to	P
start	V
on	P
bathroom	N
tile	N
tomorrow	R
and	&
laundry	N
...	,
always	R
laundry	N
..	,

RT	~
@USER	@
:	~
I	O
never	R
bought	V
candy	N
bars	N
from	P
those	D
kids	N
on	P
my	D
doorstep	N
so	P
I	O
guess	V
they’re	L
all	R
in	P
gangs	N
now	R
.	,

@USER	@
haha	!
,	,
well	!
not	R
really	R
!	,
I	O
keep	V
thinking	V
it	O
will	V
dry	V
up	T
,	,
but	&
then	R
I	O
get	V
soaked	V
when	R
I	O
walk	V
outside	R
!!	,

Andrew	^
-	,
check	V
out	T
more	A
tracks	N
from	P
the	D
upcoming	A
@USER	@
albums	N
:	,
http	U
&	&
http	U
:)	E
.	,

This	D
week	N
only	R
.	,
Order	V
staff	N
from	P
Open	^
.	^
ph	^
and	&
get	V
1000	$
months	N
free	A
.	,
Offer	N
valid	A
until	P
November	^
1000	$
1000	$
http	U

man	!
for	P
petesakes	N
scratchh	V
that	D
sweepstakesss	N
!	,

Off	P
to	P
grind	V
...	,
ugh	!
!!	,

Macdonalds	^
are	V
#hashtag	N
I	O
ask	V
for	P
a	D
lot	N
of	P
mcChicken	^
sauce	N
and	&
they	O
give	V
me	O
1000	$
what	O
if	P
I	O
asked	V
for	P
little	A
ill	L
probably	R
get	V
a	D
1000	$
of	P
one	$
!!	,

RT	~
@USER	@
:	~
The	D
Red	A
Bandana	N
:	,
An	D
Argument	N
for	P
Walking	V
-	,
TribLocal	^
http	U

@USER	@
I'm	L
off	A
Thursday	^
.	,
Is	V
that	D
good	A
for	P
you	O
?	,

This	D
nigga	N
walter	^
sad	A
yaw	!
..	,
haha	!

@USER	@
would	V
be	V
so	R
proud	A
of	P
me	O
right	R
now	R
:)	E
!	,

@USER	@
nerp	!
!	,
Wish	V
I	O
could	V

Spending	V
the	D
day	N
withhh	P
mommma	N
!	,

momma's	M
bringing	V
me	O
food	N
from	P
sakura	^
YEEEE	!

Tanger	^
Outlet	N
Centers	N
Announces	V
Expanded	A
Technology	N
Advances	N
and	&
Social	N
Media	N
...	~
-	,
MarketWatch	^
(	,
press	N
release	N
)	,
http	U

Indiana	^
Jones	^
Movies	N
Get	V
1000	A
Treatment	N
&	&
Re-Release	N
:	,
Following	V
up	T
on	P
George	^
Lucas	^
'	G
decision	N
to	P
re-release	V
the	D
Star	^
...	~
http	U

RT	~
@USER	@
:	~
out	P
of	P
all	D
your	D
lies	N
,	,
"	,
i	O
love	V
you	O
"	,
was	V
my	D
favorite	A
.	,
#hashtag	#

Follow	V
=>	G
@USER	@
Attack	V
Attack	V
!	,
Indonesia	^

RT	~
@USER	@
:	~
Better	R
late	A
than	P
never	R
,	,
but	&
never	R
late	A
is	V
better	A
-Drake	^
<3	E

@USER	@
I'm	L
sorry	A
.	,
Hope	V
it's	L
not	R
my	D
fault	N
.	,

Debating	V
if	P
i	O
should	V
go	V
to	P
this	D
bar	N
and	&
watch	V
this	D
game	N
or	&
just	R
chill	V
hmmm	!
..	,
decisions	N
decisions	N
.	,

RT	~
@USER	@
:	~
d-town	N
!	,

Dear	A
Wednesday	^
afternoon	N
nap	N
please	V
get	V
here	R
soon	R
I'm	L
in	P
much	A
need	N
of	P
you	O

Yall	O
sholl	R
is	V
quiet	A
!!	,
SPEAK	V
UP	T
lol	!
RT	~
@USER	@
:	~
@USER	@
We	O
Still	R
Here	R
!!....	,
lol	!

@USER	@
ya	!
I'm	L
fine	A
:)	E

I	O
can	V
usually	R
handle	V
the	D
heat	N
.	,
The	D
day	N
of	P
the	D
Dallas	^
show	N
I	O
was	V
ok	A
but	&
today	N
I	O
can't	V
seem	V
to	P
get	V
comfortable	A
.	,

@USER	@
Few	A
weeks	N
ago	P
someone	N
told	V
me	O
that	P
La	^
Tapatia	^
has	V
'	,
em	O
but	&
I	O
don't	V
know	V
that	D
firsthand	R
.	,
http	U

Wait	V
But	&
Why	R
Tho	R
?	,

Hi	!
there	R
!	,
Do	V
you	O
have	V
time	N
challenges	N
?	,
Most	A
of	P
us	O
do	V
...	,
so	P
let	V
me	O
know	V
-	,
I'd	L
love	V
to	P
help	V
!	,
DM	V
me	O
or	&
send	V
an	D
@	N
reply	N
&	&
let's	L
get	V
started	V
!	,

RT	~
@USER	@
:	~
"	,
Adam	^
Lambert	^
or	&
Lady	^
Gaga	^
;	,
who	O
has	V
the	D
best	A
fans	N
?"	,
–	G
POLL	N
~	G
Zoiks	^
!	^
Online	^
-	,
An	D
entertainingly	R
hum	G
..	~
http	U

Its	L
time	N
to	P
make	V
big	A
changes	N
...	,

Nike	^
,	,
horrible	A
ad	N
!	,
Very	R
smug	A
.	,

Yooo	!
wtf	!
u	O
been	V
at	P
!!	,
Txt	V
me	O
!!	,
RT	~
@USER	@
:	~
It's	L
show	N
off	N
Tuesday	^
cuz	P
no	D
work	N
Wednesday	^
for	P
me	O
...	,
Hehehehehe	!
;-)	E

Are	V
You	O
Ready	A
to	P
Find	V
out	T
How	R
to	P
Tap	V
Into	P
Your	D
True	A
Potential	N
.	,
http	U

Texas	^
Rangers	^
are	V
in	P
the	D
World	^
Series	^
!	,
Go	V
Rangers	^
!!!!!!!!!	,
http	U

@USER	@
nothin	N
much	R
...	,
how	R
u	O
doin	V

RT	~
@USER	@
:	~
Job	N
Of	P
The	D
Day	N
:	,
Senior	A
Creative	N
Director	N
GrubHub	^
,	,
Chicago	^
GrubHub	^
is	V
looking	V
for	P
a	D
Senior	A
Creative	N
Director	N
to	P
lea	G
...	~
http	U
...	~

RT	~
@USER	@
:	~
George	^
Soros	^
wants	V
to	P
legalize	V
pot	N
.	,
I	O
guess	V
he's	L
so	R
rich	A
that	P
he's	L
completely	R
run	V
out	T
of	P
legal	A
things	N
to	P
buy	V
.	,

@USER	@
where	R
the	D
fuck	N
you	O
work	V
at	P
?	,

RT	~
@USER	@
:	~
My	D
1000	A
book	N
Straight	A
Talk	N
No	R
Chaser	N
,	,
has	V
limited	A
autographed	A
copies	N
from	P
me	O
,	,
be	V
the	D
first	A
1000	P
get	V
it	O
,	,
go	V
to	P
http	U
...	~

LIMEWIRE	^
....	,
NO	!
!!!!!!	,

European	A
officials	N
criticize	V
U.S.	^
#hashtag	N
security	N
measures	N
-	,
http	U
[	,
Like	V
it	O
?	,
http	U
]	,

@USER	@
morning	N
<3	E

#hashtag	#
RT	~
@USER	@
:	~
Lakers	^
game	N
won't	V
start	V
until	P
they	O
get	V
those	D
rings	N
right	!
?	,
See	V
you	O
at	P
1000	$

Uhm	!
??	,
>>	~
"	,
this	D
also	R
means	V
more	A
lettters	N
in	P
words	N
and	&
overexcsesive	A
puncutatoin	N
.	,
Yo're	L
welcome	A
.	,
<333	E
"	,
<<	~
Was	V
I	O
speaking	V
English	N
?	,

RT	~
@USER	@
:	~
LegitMileyC	^
1000	$
pm	N
ಠ◡ಠ	E

@USER	@
TJ	^
thanks	N
now	R
I	O
have	V
that	D
song	N
in	P
my	D
head	N
and	&
visions	N
of	P
my	D
1000	$
younger	A
self	N
dancing	V
to	P
that	D

haha	!
.	,
My	D
producer	N
said	V
UV	^
vodka	N
is	V
a	D
bad	A
situation	N
waitin	V
to	P
happen	V
,	,
i	O
said	V
#hashtag	!

RT	~
@USER	@
:	~
"	,
Bobbito	^
Garcia’s	Z
Playground	^
Basketball	^
Film	^
Festival…	^
1000	$
SWAGG	N
APPROVED	V
"	,
http	U

I	O
forgot	V
just	R
how	R
good	A
Molson	^
Golden	^
truly	R
is	V
......	,
Thanks	N
TIm	^
O	^

This	D
lil	A
girl	N
got	V
some	D
unnecessary	A
tattoos	N
but	&
the	D
art	N
work	N
is	V
superb	A
.	,

RT	~
@USER	@
:	~
Flyboys	N
!	,
James	^
franco	^
don't	V
die	V
,	,
I	O
love	V
you	O
!	,

Lol	!
@USER	@
was	V
that	D
mean	A
?	,
It	O
warm't	V
sposed	A
to	P
be	V
.	,
But	&
text	V
the	D
ques	N
or	&
call	V
in	P
a	D
hour	N

@USER	@
HA	!
.	,
AHA	!
!!!!!	,
YOU	O
SO	R
NASTY	A
!!!!!!!..	,
BUT	&
I	O
LIKE	V
IT	O
LMAO	!

RT	~
@USER	@
:	~
Tonight's	S
memorial	N
for	P
Lucas	^
Ransom	^
starts	V
at	P
1000	$
p.m.	N
and	&
is	V
being	V
held	V
at	P
the	D
open	A
space	N
at	P
the	D
corner	N
of	P
Del	^
Pla	^
...	~

I	O
may	V
wear	V
my	D
hair	N
in	P
a	D
comb	N
over	N
fashion	N
more	R
often	R
.	,
I	O
feel	V
smart	A
this	D
way	N
.	,

i	O
swear	V
i	O
havent	V
checked	V
my	D
facebook	^
messages	N
in	P
like	A
1000	$
weeks	N
lol	!
...	,
its	L
all	D
spam	N
!	,

Just	R
found	V
out	T
who's	L
been	V
callin	V
me	O
private	R
n	&
hangin	V
up	T
,	,
and	&
all	D
i	O
have	V
to	P
say	V
is	V
...	,
bitch	N
get	V
the	D
fuck	N
outta	O
here	N
!	,
lmao	!

S/O	V
to	P
the	D
dude	N
who	O
just	R
busted	V
his	D
a$$	N
in	P
front	N
of	P
me	O
tryna	V
jump	V
over	P
a	D
puddle	N
.	,
Next	A
time	N
bra	N
.	,
LMAO	!
.	,
Funniest	A
ish	N
I've	L
seen	V
all	D
day	N
.	,

american	^
airlines	^
discounts	N
from	P
sta	^
http	U

well	!
that	D
was	V
strange	A
!	,
haha	!
.	,

Did	V
a	D
lil	A
cleaning	N
Around	P
the	D
house	N
.	,
Took	V
a	D
nice	A
HOT	A
shower	N
Now	R
about	R
to	P
chill	V
on	P
here	R
for	P
about	R
1000	$
minutes	N
who	O
knows	V

http	U
ayeeeeee	!
!	,
this	D
beat	N
was	V
everything	N
!	,
lol	!
!	,

Vance	^
Breshears	^
,	,
Jeff	^
Otero	^
and	&
Cathy	^
Hutchison	^
are	V
speaking	V
at	P
#hashtag	^
in	P
Atlanta	^
next	A
week	N
.	,
If	P
you	O
are	V
planning	V
to	P
be	V
there	R
,	,
let	V
us	O
know	V
!	,

I	O
have	V
always	R
and	&
forever	R
will	V
hate	V
the	D
#hashtag	^

@USER	@
that	P
good	^
times	^
episode	N
was	V
fucking	R
hilarious	A

@USER	@
haha	!
that	O
happened	V
last	A
time	N
I	O
was	V
there	R
.	,
She	O
kept	V
yelling	V
'	,
its	L
fan	N
appreciation	N
day	N
!'	,
Over	R
and	&
over	R
and	&
over	R
.	,
Epic	A
fail	N
.	,

the	D
blog	N
updates	N
begin	V
...	,
http	U

RT	~
@USER	@
:	~
@USER	@
Forget	V
that	D
!	,
I'm	L
ready	A
for	P
your	D
U.S.	^
tour	N
in	P
April	^
and	&
May	^
of	P
1000	$
!!!!	,
Hell	N
to	P
the	D
yes	N
!!!	,
#hashtag	#

Inspired	V
after	P
a	D
yummy	A
lunch	N
with	P
@USER	@
.	,
Thanks	!
!	,

RT	~
@USER	@
:	~
1000	$
incredible	A
wines	N
from	P
Kermit	^
Lynch	^
will	V
be	V
poured	V
tomorrow	N
from	P
1000	$
.	,
Oh	!
,	,
and	&
did	V
we	O
say	V
FREE	A
?	,
yes	!
,	,
you	O
read	V
right-FREE	A
!	,

Just	R
finished	V
reorganizing	V
my	D
external	A
hard	A
drives	N
.	,
That	O
felt	V
amazingly	R
refreshing	A
!	,

RT	~
@USER	@
:	~
Pantone	^
is	V
pleased	A
to	P
announce	V
the	D
PLUS	^
Series	^
http	U
for	P
designers	N
and	&
printers	N
.	,

I	O
just	R
took	V
"	,
You	O
walk	V
in	P
a	D
shop	N
you	O
see	V
a	D
boy	N
in	P
only	A
boxers	N
,	,
what	O
happens	V
when	R
this	D
..."	,
and	&
got	V
:	,
Part	N
1000	$
!	,
Try	V
it	O
:	,
http	U

@USER	@
lol	!
?	,

http	U

Bet	V
on	P
sports	N
with	P
this	D
sure-money	A
system	N
.	,
Win	V
over	P
1000	$
of	P
your	D
bets	N
!	,
http	U

can	V
you	O
handle	V
the	D
quirk	N
?	,
— launch	N
of	P
'	,
Native	A
Trees	N
of	P
Canada	^
'	,
by	P
Leanne	^
Shapton	^
:	,
http	U

RT	~
@USER	@
:	~
#hashtag	#
http	U

KY-Sen	^
:	,
Rand	^
Paul	^
followers	N
try	V
to	P
suppress	V
curbstomping	V
video	N
http	U
[	,
Like	V
it	O
?	,
http	U
]	,

I	O
wanna	V
see	V
#hashtag	^
and	&
#hashtag	^
do	V
a	D
colab	N
together	R
,	,
who's	L
with	P
me	O
?	,

Rain	N
rain	N
go	V
away	R
<--	G
our	D
song	N
is	V
on	P
@USER	@
I	O
kid	V
you	O
not	R
1000	$

Always	R
caring	V
bout	P
other	A
muhfckers	S
feelings	N

Figurative	A
speech	N
#hashtag	N
help	V
me	O
out	T
:	,
"	,
Twenty	$
sails	N
came	V
into	P
the	D
harbor	N
"	,
is	V
an	D
example	N
of_____________	G
?	,
What	O
figurative	A
type	N
?	,

Oh	!
don't	V
get	V
it	O
twisted	V
,	,
imma	L
a	D
big	A
boy	N
with	P
swagg	N
&	&
much	A
jokes	N
!	,
I	O
go	V
in	T
on	P
a	D
Goober	N
quickly	R
!!	,
Lol	!

Cheer	V
for	P
the	D
toronto	^
raptors	^
.	,
#hashtag	#

East	^
Bay	^
Football	N
Poll	N
–	,
1000	$
http	U

pin	N
:	,
1000	^
Add	V
Me	O

RT	~
@USER	@
Climate	N
Change	N
Dispatch	N
-	,
A	D
Challenge	N
to	P
the	D
"	,
Warmists	N
"	,
http	U

@USER	@
Please	V
confirm	V
you've	L
received	V
the	D
code	N
or	&
I	O
will	V
have	V
to	P
cancel	V
it	O
.	,
I	O
have	V
not	R
heard	V
back	R
from	P
you	O
.	,
Thanks	N
.	,

RT	~
@USER	@
:	~
Want	V
a	D
Fool's	^
Gold	^
poster	N
signed	V
by	P
Matthew	^
McConaughey	^
&	&
new	A
Justin	^
Boots	^
?	,
Tweet	V
#hashtag	#
to	P
enter	V
!	,
Rules	N
here	R
:	,
http	U
...	~

New	A
NC	^
Highway	N
Signs	N
Welcome	V
Motorists	N
To	P
"	,
Most	R
Military	A
Friendly	A
State	N
":	,
New	A
signs	N
going	V
up	T
on	P
the	D
major	A
highways	N
...	~
http	U

thx	N
to	P
@USER	@
check	V
out	T
http	U
"	,
Slumber	N
Sleepover	N
Lan	N
Party	N
Massacre	N
"	,
trailer	N

@USER	@
@USER	@
@USER	@
@USER	@
can	V
i	O
have	V
your	D
email	N
so	P
i	O
can	V
invite	V
you	O
to	P
a	D
sample	N
sale	N

lmfaoooooo	!
@	P
#hashtag	^

@USER	@
Let's	L
say	V
Darth	^
Vader	^
was	V
still	R
alive	A
and	&
all	D
the	D
Ewoks	^
were	V
prisoners	N
(	,
not	R
to	P
mention	V
all	D
McFly	^
fans)	N
...	,
How	R
would	V
you	O
save	V
them	O
??	,

@USER	@
the	D
bBr	^
aliases	N
don't	V
add	V
a	D
space	N

@USER	@
I	O
don't	V
use	V
Chrome	^
due	P
to	P
the	D
lack	N
of	P
a	D
good	A
Twitter	^
extension	N
(	,
and	&
extension	N
behavior	N
in	P
general)	N
.	,
Also	R
,	,
it	O
looks	V
weird	A

why	R
did	V
they	O
add	V
urban	^
league	^
to	P
Cleveland	^
???	,
I	O
miss	V
ms.	^
Jenkins	^
being	V
with	P
us	O
everyday	N
;(	E

#hashtag	#
any	D
bitch	N
born	V
in	P
da	D
1000	$
&	&
me	O

@USER	@
if	P
they	O
worse	A
then	P
those	D
then	R
yea	!
..	,
trash	N
!!	,
need	V
a	D
bag	N
?	,
lol	!
..	,

