@USER_0240cb3a	@
Yeah	!
Im	L
goodie	@
just	R
in	P
the	D
lab	@
working	V
...	,
Wow	!
!	,
I	O
need	V
to	P
be	V
where	R
you	O
at	P
!	,
lol	!
let	V
me	O
visit	@

Does	V
it	O
feel	V
like	P
Summer	@
to	P
you	O
?	,
It	O
does	V
in	P
Myrtle	@
Beach	^
,	,
South	^
Carolina	@
its	L
85	@
degrees	@

@USER_341450c3	R
no	D
one	$
cares	V
.	,
ppl	N
are	V
used	V
to	P
foolish	R
grabs	R
for	P
attention	R
.	,
they'll	R
just	R
*	,
shrug	R
*	,

Red	R
wine	R
in	P
beautiful	A
china	R
....	,

RT	~
@USER_f5eeff1e	@
:	~
RT	~
@USER_03ec6c70	R
RT	~
@USER_90c91e77	R
:	~
Vid	R
&	&
footage	R
of	P
Daytona	R
Commish	R
getting	V
busted	R
for	P
Ballot	R
fraud	N
.	,
http://is.gd/gmK3Y	R

i've	L
always	R
had	V
my	D
eye	N
on	P
this	D
one	$
particular	R
guy	N
....	,
i	O
was	V
too	R
shy	R
,	,
so	R
i	O
decided	V
to	P
write	V

@USER_78921f4f	R
thanks	N

How	R
to	P
Create	R
the	D
Perfect	A
Mudroom	R
(	,
10	$
photos	N
):	,
A	D
mudroom	R
is	V
a	D
terrific	R
room	N
to	P
have	V
in	P
your	D
home	N
especially	R
a	D
...	,
http://bit.ly/bZiTd2	R
#Home	R

remember	V
!	,
if	P
ur	D
in	P
htown	R
or	&
visiting	R
this	D
weekend	N
,	,
we	O
are	V
headed	R
to	P
the	D
drag	R
show	N
@	P
2020	R
!	,
join	V
us	O
!	,

Man	!
,	,
Heat	^
need	V
Tahj	R
on	P
the	D
court	N
.	,

Ignite	R
to	P
Write	R
:	~
This	D
Photo	N
Needs	V
a	D
Title	R
!:	,
This	D
photograph	R
certainly	R
needs	V
a	D
title	R
!	,
Can	V
you	O
give	V
it	O
one	$
?	,
It	O
se	R
...	,
http://bit.ly/bz8n9w	R

We	O
went	V
2	P
long	A
without	P
talkin	V
bout	P
some	D
shit	N
I	O
don't	V
care	V
2	P
discuss	R
.	,
I	O
guess	V
its	L
about	P
that	D
time	N
.	,
The	D
peace	N
was	V
good	A
while	P
it	O
lasted	R
*	,
sighs	R

Gradpics	R
Today	N
<3	E
!!	,

You	O
are	V
my	D
sunshine	R

★ⓕⓤⓒⓚⓘⓝⓕⓞⓛⓛⓞⓦⓝⓞⓦ★	R
@USER_17d0464e	R
@USER_27980140	@
@USER_27703356	R
@USER_1c0417b0	R
@USER_298682bc	R
@USER_c366d07e	R
@USER_78e59a34	R
@USER_ac67ddd0	R
@USER_469f8ede	R

UNC	R
lookin	V
'	,
good	A
right	R
about	P
now	R
.	,
Might	V
hafta	V
start	V
this	D
application	R

@USER_2eaa264b	R
Heh	R
.	,
Can't	V
go	V
wrong	A
at	P
minimum	R
wage	R
.	,

@USER_d37a61e8	R
Ok	R
thank	V
you	O
!!	,
:)	E
I	O
will	V
check	V
it	O
out♥	R

What	O
are	V
Wrinkles	R
?	,
http://bit.ly/wrinkle1	R

Life	N
is	V
like	P
photography	R
,	,
we	O
use	V
the	D
negatives	R
to	P
develop	V
.	,

pkollar	R
:	~
@USER_3d90d287	R
Really	R
?	,
How	R
soon	R
?	,
I	O
didn't	V
realize	R
!	,
[	,
Phil	^
Kollar	R
@USER_3d90d287	R
Really	R
?	,
How	R
soon	R
?	,
I	O
didn't	V
realize	R
!	,
]	,
http://bit.ly/9g4zlQ	R

"	,
RUN	R
DAT	O
"	,
by	P
@USER_cdec18c9	R
ft	V
.	,
@USER_4828343a	R
DOWNLOAD	V
NOW	R
!!!!!	,
http://hulkshare.com/sr9ffmeald2q	R

@USER_895d4942	R
Omg	R
don't	V
start	V
with	P
me	O
.	,

Free	R
3pk	R
of	P
Lindt	R
Truffles	R
(	,
US	^
)	,
http://nblo.gs/9Iuzw	R

Pretty	R
simple	R
actually	R
.	,
 	R
The	D
DataContext	R
will	V
tunnel	R
down	R
to	P
controls	R
below	R
it	O
in	P
the	D
tree	R
.	,
 	R
The	D
ListBox	R
...	,
http://bit.ly/baxA6X	R
#WPF	R
#2010	R

I'm	L
at	P
Scopa	R
(	,
109A	R
Plaza	R
St.	^
,	,
Healdsburg	R
Ave	^
.,	R
Healdsburg)	R
.	,
http://4sq.com/72fhjG	R

Prescription	R
glasses	R
starting	V
at	P
$	,
6.95	R
!	,
Virtually	R
try	V
before	P
you	O
buy	V
with	P
the	D
Zenni	R
Frame	R
Fit	R
!	,
http://bit.ly/ce5Nvw	R
(	,
Ad	R
)	,

@USER_cbcd21b7	R
on	P
my	D
way	N
...	,
Lol	!

Fake	R
weak	R
music	N
makers	R
irritate	R
my	D
ear	R

What	O
makes	V
u	O
not	R
want	V
to	P
tell	V
me	O
the	D
truth	N
?	,
What's	L
the	D
fuckn	R
point	N
.	,
When	R
do	V
u	O
tell	V
the	D
truth	N
...	,
Lies	R
are	V
not	R
for	P
me	O
.	,

@USER_3137cb3d	R
give	V
him	O
my	D
love	V
!	,

@USER_e47cf032	R
V____V	R
so	R
I	O
am	V
Frank	R
,	,
so	R
I	O
am	V
.	,
#TeamLighterThanABlackGuyButStillMexicanLikeFrankButHeJustWontAdmitHeIsAMexican	R

@USER_4d41dd47	R
hey	!
Jream	R
,	,
where	R
will	V
the	D
after	P
party	N
be	V
at	P
?	,

@USER_7e5fc5f3	R
what's	L
going	V
on	P
?	,
:(	E
I	O
love	V
you	O
!	,
<3	E

BRICK	R
STRONG	R
.	,
RIP	R
EVAN	R
.	,
<3	E

RT	~
@USER_03d1b8b7	R
#xinnovate	R
pays	R
the	D
cost	V
of	P
developer	R
breakfast	R
back	R
to	P
feed	R
100,000	R
children	R
through	P
WeFeedback	R

Beat	R
Fable	^
3	$
with	P
flying	R
colors	R
.	,
Now	R
to	P
be	V
a	D
bit	N
more	A
extreme	~

New	A
tweetaway	~
!	,
Follow	V
@USER_96c8a1d3	~
&	&
RT	~
to	P
enter	V
to	P
win	V
a	D
prize	~
from	P
Obagi	~
!	,
1	$
winner	N
every	D
day	N
this	D
week	N
!	,
http://budurl.com/DSobagi	~
Good	A
Luck	~
!	,

RT	~
@USER_f64d76d8	~
:	~
Shout-out	~
to	P
@USER_ce803838	~
definition	~
of	P
lil	A
webbies	~
i-n-d-e-p-e-n-d-e-n-t	~
-->	~
do	V
you	O
know	V
what	O
means	V
man	N
???	,
«	~
Ayyye	~
!	,

I	O
wanna	V
do	V
something	N
tonight	N
.	,

@USER_32dce16c	~
looking	V
for	P
the	D
same	A

...	,
I	O
love	V
him	O
and	&
he	O
love	V
me	O
...	,
aint	V
nuthin	~
u	O
can	V
tell	V
us	O
...	,
u	O
can	V
try	V
all	D
u	O
want	V
to	P
this	D
bond	~
is	V
too	R
strong	A
...	,
so	R
imma	~
n…	~
http://lnk.ms/DcpY6	~

@USER_139a41e9	~
yea	!
they	O
cancel	~
out	P
and	&
durant	~
fuck	N
around	R
and	&
have	V
40	~
,	,
they	O
have	V
no	D
answer	~
for	P
him	O
nobody	~
does	V
...	,

Today	N
is	V
#Cliffmas	~
day	N
!	,
Go	V
@USER_06ad2b7b	~

What	O
do	V
you	O
think	V
of	P
the	D
New	A
MySpace	~
?	,
http://ht.ly/30hL9	~

RT	~
@USER_b84aab45	~
:	~
I	O
can	V
say	V
that	D
tonights	~
106	$
is	V
gonna	V
be	V
a	D
zoo	~
!	,
@USER_a400b1fb	@
&	&
Janet	^
on	P
the	D
same	A
show	N
?	,
#goingtoworkontime	~
!	,

Sugary	~
Drinks	~
May	^
Raise	~
Diabetes	~
Risk	~
:	~
http://bit.ly/cTwLpF	~
via	P
@USER_71539f64	~

Amelllll	~
!!	,

Yakiiin	~
..	,
RT	~
@USER_14491310	~
:	~
I	O
don't	V
mind	N
..:	~
(	,
..	,
RT	~
@USER_42879a9c	~
:	~
If	P
i	O
never	R
see	V
u	O
face	N
again	R
(¬_¬	~
"	,
)	,
http://myloc.me/dwFZo	~

1895	~
O	^
VF20	~
ANACS	~
SILVER	~
Morgan	~
Dollar	~
NEW	A
ORLEANS	~
COIN	~
:	~
US	^
$	,
465.00	~
(	,
0	$
Bid	~
)	,
End	^
Date	~
:	~
Tuesday…	~
http://bit.ly/kKth4	~

I	O
missed	V
house	N
of	P
glam	~
:	~
0	$
(	,

A	D
truly	~
Innovative	A
way	N
to	P
Michael	^
Owen	^
.:	~
Manchester	~
Uniteds	~
injury	N
plagued	~
striker	~
Michael	^
Owen	^
looks	V
set	V
to	P
miss	V
...	,
http://bit.ly/9oLnZy	~

So	P
Glee	~
was	V
cute	A
.	,
I	O
love	V
@USER_dc9c366a	~
.	,
He	O
was	V
fabulous	~
.	,

KOBE	^
WILL	V
BE	V
MVP	~
THIS	D
YEAR	~

@USER_8502bff9	~
benadryl	~
is	V
your	D
friend	N
lol	!

Journalists	~
and	&
Social	^
Media	N
experts	~
alike	~
will	V
appreciate	~
this	D
spoof	~
out	P
of	P
Dallas	~
:	~
http://trunc.it/c5l6r	~

Lets	L
go	V
Lakers	^

#teamlakers	^
ya'll	~
ready	A
??	,
:)	E

@USER_2eb14b84	~
-_-	E
a	D
hole	N

You	O
smile	V
I	O
smile	V
!	,

Justin	~
Bieber’s	~
'	,
My	D
World	^
'	,
can	V
be	V
Your	D
World	^
Too	R
on	P
Black	~
Friday	^
http://bit.ly/bAaiwf	~

Im	L
Bout	~
to	P
eat	V
something	N
real	A
quick	A

What	O
#exhibitors	~
are	V
currently	R
least	A
satisfied	~
with	P
in	P
their	D
trade	~
show	N
display	V
http://ow.ly/30d3P	~
#exhbiting	~
#tradeshow	~
#eventprofs	~
#b2b	~

I've	L
been	V
singing	V
a	D
new	A
tune	V
a	D
long	A
time	N
ago	R
you	O
just	R
weren't	~
listening	~
...	,
now	R
maybe	R
you'll	L
pay	N
better	A
attention	R

#HarryPotter	~
Marathon	~
while	P
I	O
write	V
my	D
papers	N
.	,

going	V
through	P
my	D
flickr	~
..	,
just	R
thought	V
id	~
re-share	~
my	D
fave	~
pic	N
of	P
@USER_c1860bde	~
from	P
toronto	~
warped	~
.	,
http://flic.kr/p/8hxhBL	~
<3	E

@USER_87ee5f65	~
Tyra	~
mail	~
...	,
how	R
r	V
u	O
??	,

RT	~
@USER_b7825c73	~
:	~
When	R
life	N
gives	~
you	O
a	D
hundred	~
reasons	~
to	P
cry	V
,	,
stay	V
strong	A
!	,
Show	^
life	N
that	D
you	O
have	V
a	D
thousand	$
reasons	~
to	P
smile	V
.	,
-Unknown	~

RT	~
@USER_bbf66299	~
:	~
It's	L
like	P
wherever	~
LeBron	^
goes	V
,	,
he	O
sucks	V
the	D
ability	N
from	P
his	D
teammates	~
.	,
It's	L
weird	A
.	,
Like	P
some	D
kind	N
of	P
disease	N
or	&
somet	~
...	,

@USER_fbc9707d	~
hell	N
yea	!

RT	~
@USER_2378edff	~
Our	D
time	N
is	V
now	R
!	,
Support	V
women	N
as	P
full	A
peacemaking	~
partners	~
.	,
#Make1325real	~
&	&
sign	N
the	D
petition	~
:	~
http://bit.ly/b0Rakg	~

@USER_889e2021	~
Good	A
Morning	N
Mikey	~
Baby	N
:D	E
lol	!
!	,
*	,
hugs	N
&	&
kisses	~
ya	!
cheek	~
*	,

BANGTIMEEEEEEEEEEEEEEEEEEEE	~

Nothin	~
new	A
in	P
my	D
book	N
RT	~
@USER_ae04c9af	~
When	R
he's	L
stroking	~
in	P
&	&
out	P
...	,
Tighten	~
ya	!
pussy	N
muscles	~
when	R
he's	L
goin	V
OUT	~
!	,
#sextips	~

Look	V
,	,
I	O
need	V
less	A
friends	N
more	A
bread	N
,	,
less	A
talk	V
,	,
more	A
head	N
"	,

@USER_6a789d59	!
GETS	!
ON	!
MY	D
MF	!
LAST	A
NERVES	!
BUT	&
I	O
DEAL	!
WIT	P
IT	O
#DEALWITHIT	!
BIG	!
HEAD	!

@USER_e123c1ae	!
funnn	!
;)	E
haha	!

kinda	R
like	P
that	D
.	,
making	V
a	D
diff	A
in	P
someones	!
life	N
.	,

Most	A
of	P
these	D
article	N
submission	!
engines	!
have	V
these	D
stupid	A
stock	!
photos	N
for	P
"	,
Author	!
Pics	!
,"	!
but	&
this	D
one	$
is	V
a	D
"	,
AMAZINE	!
"	,
http://bit.ly/dCzh3o	!

Bad	A
day	N

HIGHHHHHH	!
@USER_c47142c2	!
:)	E

"	,
Because	P
if	P
seeing	V
is	V
believing	!
,	,
then	R
believe	V
that	D
we	O
have	V
lost	A
our	D
eyes	N
..."	,
#fb	#

hi	!
internet	N
<3	E

Sleep	N
,	,
bye	!
!	,

Where's	L
the	D
video	N
@USER_cca6f866	!
&	&
@USER_67524ce5	!
took	V
of	P
me	O
??	,
EXACTLY	!
!	,
Lmao	!

Back	R
to	P
real	A
life	N
:	~
picking	!
up	A
Camp	!
Kern	!
fundraiser	!
pizzas	!
tonight	N
,	,
hoping	V
to	P
start	V
on	P
bathroom	N
tile	!
tomorrow	N
and	&
laundry	!
...	,
always	R
laundry	!
..	,

RT	~
@USER_6b76a8cf	!
:	~
I	O
never	R
bought	V
candy	!
bars	!
from	P
those	D
kids	N
on	P
my	D
doorstep	!
so	R
I	O
guess	V
they’re	!
all	D
in	P
gangs	!
now	R
.	,

@USER_7a61c110	!
haha	!
,	,
well	R
not	R
really	R
!	,
I	O
keep	V
thinking	V
it	O
will	V
dry	!
up	A
,	,
but	&
then	R
I	O
get	V
soaked	!
when	R
I	O
walk	N
outside	R
!!	,

Andrew	^
-	,
check	V
out	P
more	A
tracks	N
from	P
the	D
upcoming	!
@USER_f01b72cf	!
albums	!
:	~
http://ping.fm/fKS2z	!
&	&
http://su.pr/8ztrNZ	U
:)	E
.	,

This	D
week	N
only	A
.	,
Order	!
staff	N
from	P
Open	!
.	,
ph	!
and	&
get	V
2	P
months	!
free	A
.	,
Offer	!
valid	!
until	P
November	^
5th	^
2010	$
http://nblo.gs/9IO4o	!

man	N
for	P
petesakes	!
scratchh	!
that	D
sweepstakesss	!
!	,

Off	A
to	P
grind	!
...	,
ugh	!
!!	,

Macdonalds	!
are	V
#cheapasses	!
I	O
ask	V
for	P
a	D
lot	N
of	P
mcChicken	!
sauce	N
and	&
they	O
give	V
me	O
2	P
what	O
if	P
I	O
asked	V
for	P
little	A
ill	!
probably	R
get	V
a	D
1/2	$
of	P
one	$
!!	,

RT	~
@USER_8a7a8fcf	!
:	~
The	D
Red	R
Bandana	!
:	~
An	D
Argument	!
for	P
Walking	!
-	,
TribLocal	!
http://bit.ly/aGPvOi	!

@USER_23e3b62a	!
I'm	L
off	P
Thursday	^
.	,
Is	V
that	D
good	A
for	P
you	O
?	,

This	D
nigga	N
walter	!
sad	A
yaw	!
..	,
ahahaa	!

@USER_84be09fe	!
would	V
be	V
so	R
proud	!
of	P
me	O
right	R
now	R
:)	E
!	,

@USER_cbb2f0dc	!
nerp	!
!	,
Wish	!
I	O
could	V

Spending	!
the	D
day	N
withhh	!
mommma	!
!	,

momma's	!
bringing	!
me	O
food	N
from	P
sakura	!
YEEEE	!

Tanger	!
Outlet	N
Centers	!
Announces	!
Expanded	!
Technology	!
Advances	!
and	&
Social	^
Media	N
...	,
-	,
MarketWatch	!
(	,
press	!
release	N
)	,
http://sns.ly/oIV55	!

Indiana	!
Jones	!
Movies	!
Get	V
3D	!
Treatment	!
&	&
Re-Release	!
:	~
Following	!
up	A
on	P
George	!
Lucas	!
'	,
decision	!
to	P
re-release	!
the	D
Star	!
...	,
http://bit.ly/99ZyaY	!

RT	~
@USER_c189d0c6	!
:	~
out	P
of	P
all	D
your	D
lies	!
,	,
"	,
i	O
love	V
you	O
"	,
was	V
my	D
favorite	A
.	,
#factsaboutboys	!

Follow	V
=>	!
@USER_cee9f03f	!
Attack	!
Attack	!
!	,
Indonesia	^

RT	~
@USER_065ab631	!
:	~
Better	A
late	A
than	P
never	R
,	,
but	&
never	R
late	A
is	V
better	A
-Drake	!
<3	E

@USER_5f70d90e	!
I'm	L
sorry	A
.	,
Hope	V
it's	L
not	R
my	D
fault	!
.	,

Debating	!
if	P
i	O
should	V
go	V
to	P
this	D
bar	N
and	&
watch	V
this	D
game	N
or	&
just	R
chill	N
hmmm	!
..	,
decisions	!
decisions	!
.	,

RT	~
@USER_16ae92b9	!
:	~
d-town	!
!	,

Dear	!
Wednesday	^
afternoon	N
nap	N
please	V
get	V
here	R
soon	R
I'm	L
in	P
much	A
need	V
of	P
you	O

Yall	!
sholl	!
is	V
quiet	!
!!	,
SPEAK	!
UP	T
lol	!
RT	~
@USER_36fcf971	!
:	~
@USER_830675b5	!
We	O
Still	R
Here	!
!!....	!
lol	!

@USER_f00636ae	!
ya	!
I'm	L
fine	A
:)	E

I	O
can	V
usually	!
handle	!
the	D
heat	^
.	,
The	D
day	N
of	P
the	D
Dallas	~
show	N
I	O
was	V
ok	!
but	&
today	N
I	O
can't	V
seem	V
to	P
get	V
comfortable	A
.	,

@USER_ca38b0a1	L
Few	L
weeks	N
ago	R
someone	N
told	V
me	O
that	D
La	G
Tapatia	L
has	V
'	,
em	O
but	&
I	O
don't	V
know	V
that	D
firsthand	L
.	,
http://ow.ly/302YZ	L

Wait	L
But	&
Why	R
Tho	L
?	,

Hi	!
there	R
!	,
Do	V
you	O
have	V
time	N
challenges	L
?	,
Most	A
of	P
us	O
do	V
...	,
so	R
let	V
me	O
know	V
-	,
I'd	L
love	V
to	P
help	V
!	,
DM	N
me	O
or	&
send	V
an	D
@	P
reply	L
&	&
let's	L
get	V
started	V
!	,

RT	~
@USER_748ef33d	L
:	~
"	,
Adam	^
Lambert	L
or	&
Lady	^
Gaga	^
;	,
who	O
has	V
the	D
best	A
fans	N
?"	,
–	,
POLL	L
~	~
Zoiks	L
!	,
Online	A
-	,
An	D
entertainingly	L
hum	L
..	,
http://bit.ly/9kmLkS	L

Its	L
time	N
to	P
make	V
big	A
changes	L
...	,

Nike	L
,	,
horrible	L
ad	L
!	,
Very	R
smug	L
.	,

Yooo	L
wtf	L
u	O
been	V
at	P
!!	,
Txt	L
me	O
!!	,
RT	~
@USER_bf94fe6d	L
:	~
It's	L
show	N
off	P
Tuesday	L
cuz	P
no	D
work	N
Wednesday	^
for	P
me	O
...	,
Hehehehehe	L
;-)	E

Are	V
You	O
Ready	L
to	P
Find	V
out	P
How	R
to	P
Tap	L
Into	L
Your	D
True	L
Potential	L
.	,
http://bit.ly/aguPgx	L

Texas	^
Rangers	^
are	V
in	P
the	D
World	^
Series	^
!	,
Go	V
Rangers	^
!!!!!!!!!	L
http://fb.me/D2LsXBJx	L

@USER_1f51becd	L
nothin	L
much	A
...	,
how	R
u	O
doin	V

RT	~
@USER_9ad2c784	L
:	~
Job	L
Of	P
The	D
Day	N
:	~
Senior	L
Creative	L
Director	L
GrubHub	L
,	,
Chicago	^
GrubHub	L
is	V
looking	V
for	P
a	D
Senior	L
Creative	L
Director	L
to	P
lea	L
...	,
http	U
...	,

RT	~
@USER_5b81aa6b	L
:	~
George	!
Soros	L
wants	V
to	P
legalize	L
pot	L
.	,
I	O
guess	V
he's	L
so	R
rich	L
that	D
he's	L
completely	R
run	V
out	P
of	P
legal	L
things	N
to	P
buy	V
.	,

@USER_9ee000b5	L
where	R
the	D
fuck	N
you	O
work	N
at	P
?	,

RT	~
@USER_3e5d8635	L
:	~
My	D
2nd	L
book	N
Straight	L
Talk	V
No	D
Chaser	L
,	,
has	V
limited	L
autographed	L
copies	L
from	P
me	O
,	,
be	V
the	D
first	A
2	P
get	V
it	O
,	,
go	V
to	P
http://tin	L
...	,

LIMEWIRE	L
....	,
NO	!
!!!!!!	,

European	A
officials	L
criticize	L
U.S.	^
#airport	L
security	L
measures	L
-	,
http://newzfor.me/?9424	L
[	,
Like	P
it	O
?	,
http://bit.ly/aabJGK	L
]	,

@USER_fb8c3da6	U
morning	N
<3	E

#championLife	U
RT	~
@USER_500d65dc	U
:	~
Lakers	^
game	N
won't	V
start	V
until	P
they	O
get	V
those	D
rings	N
right	R
?	,
See	V
you	O
at	P
10:45	U

Uhm	U
??	,
>>	G
"	,
this	D
also	R
means	V
more	A
lettters	&
in	P
words	N
and	&
overexcsesive	&
puncutatoin	&
.	,
Yo're	&
welcome	A
.	,
<333	E
"	,
<<	~
Was	V
I	O
speaking	V
English	&
?	,

RT	~
@USER_d8c71643	&
:	~
LegitMileyC	&
10:55	&
pm	N
ಠ◡ಠ	&

@USER_8c29cf88	@
TJ	&
thanks	N
now	R
I	O
have	V
that	D
song	N
in	P
my	D
head	N
and	&
visions	&
of	P
my	D
80s	&
younger	&
self	N
dancing	&
to	P
that	D

Haha	!
.	,
My	D
producer	N
said	V
UV	&
vodka	&
is	V
a	D
bad	A
situation	N
waitin	&
to	P
happen	V
,	,
i	O
said	V
#fuuuuuuucccit	&

RT	~
@USER_ca9764a0	$
:	~
"	,
Bobbito	$
Garcia’s	$
Playground	$
Basketball	$
Film	$
Festival…	$
100%	$
SWAGG	$
APPROVED	$
"	,
http://bit.ly/cYKBtY	$

I	O
forgot	V
just	R
how	R
good	A
Molson	$
Golden	$
truly	~
is	V
......	,
Thanks	N
TIm	$
O	^

This	D
lil	A
girl	N
got	V
some	D
unnecessary	$
tattoos	$
but	&
the	D
art	N
work	N
is	V
superb	$
.	,

RT	~
@USER_87c0fb06	$
:	~
Flyboys	$
!	,
James	^
franco	$
don't	V
die	V
,	,
I	O
love	V
you	O
!	,

Lol	!
@USER_7bf0fd79	$
was	V
that	D
mean	V
?	,
It	O
warm't	$
sposed	A
to	P
be	V
.	,
But	&
text	V
the	D
ques	$
or	&
call	V
in	P
a	D
hour	N

@USER_73f4155b	$
HA	$
.	,
AHA	$
!!!!!	,
YOU	O
SO	R
NASTY	$
!!!!!!!..	$
BUT	&
I	O
LIKE	P
IT	O
LMAO	!

RT	~
@USER_193679ce	$
:	~
Tonight's	S
memorial	$
for	P
Lucas	!
Ransom	$
starts	V
at	P
8:00	$
p.m.	N
and	&
is	V
being	V
held	$
at	P
the	D
open	A
space	$
at	P
the	D
corner	$
of	P
Del	$
Pla	$
...	,

I	O
may	V
wear	V
my	D
hair	N
in	P
a	D
comb	$
over	P
fashion	$
more	A
often	R
.	,
I	O
feel	V
smart	A
this	D
way	N
.	,

i	O
swear	V
i	O
havent	V
checked	$
my	D
facebook	$
messages	$
in	P
like	P
2/3	#
weeks	N
lol	!
...	,
its	L
all	D
spam	#
!	,

Just	R
found	#
out	P
who's	L
been	V
callin	#
me	O
private	A
n	&
hangin	#
up	A
,	,
and	&
all	D
i	O
have	V
to	P
say	V
is	V
...	,
bitch	N
get	V
the	D
fuck	N
outta	#
here	R
!	,
lmao	!

S/O	V
to	P
the	D
dude	N
who	O
just	R
busted	R
his	D
a$$	#
in	P
front	A
of	P
me	O
tryna	V
jump	V
over	P
a	D
puddle	#
.	,
Next	A
time	N
bra	#
.	,
LMAO	!
.	,
Funniest	#
ish	#
I've	L
seen	V
all	D
day	N
.	,

american	#
airlines	#
discounts	#
from	P
sta	#
http://www.bestcouponfor.com/coupon/266684.aspx	#

well	R
that	D
was	V
strange	#
!	,
hahahahhaa	#
.	,

Did	V
a	D
lil	A
cleaning	#
Around	#
the	D
house	N
.	,
Took	#
a	D
nice	A
HOT	A
shower	N
Now	R
about	P
to	P
chill	N
on	P
here	R
for	P
about	P
15/30	#
minutes	N
who	O
knows	V

http://www.youtube.com/watch?v=fFJoiWnWa5Y	#
ayeeeeee	#
!	,
this	D
beat	V
was	V
everything	N
!	,
lol	!
!	,

Vance	#
Breshears	#
,	,
Jeff	^
Otero	#
and	&
Cathy	E
Hutchison	E
are	V
speaking	V
at	P
#WFX	E
in	P
Atlanta	^
next	A
week	N
.	,
If	P
you	O
are	V
planning	V
to	P
be	V
there	R
,	,
let	V
us	O
know	V
!	,

I	O
have	V
always	R
and	&
forever	R
will	V
hate	V
the	D
#celtics	E

@USER_bf65cfa4	G
that	D
good	A
times	N
episode	N
was	V
fucking	A
hilarious	A

@USER_10082006	G
hahaha	!
that	D
happened	V
last	A
time	N
I	O
was	V
there	R
.	,
She	O
kept	V
yelling	V
'	,
its	L
fan	N
appreciation	G
day	N
!'	G
Over	G
and	&
over	P
and	&
over	P
.	,
Epic	G
fail	G
.	,

the	D
blog	N
updates	G
begin	G
...	,
http://fb.me/KCCi1JuT	G

RT	~
@USER_c64f7f66	G
:	~
@USER_b279fda7	@
Forget	G
that	D
!	,
I'm	L
ready	A
for	P
your	D
U.S.	^
tour	N
in	P
April	G
and	&
May	^
of	P
2011	$
!!!!	,
Hell	G
to	P
the	D
yes	!
!!!	,
#AmericaLovesKylie	G

Inspired	G
after	P
a	D
yummy	G
lunch	N
with	P
@USER_2321b5f2	G
.	,
Thanks	N
!	,

RT	~
@USER_0805bd4c	G
:	~
4	P
incredible	A
wines	G
from	P
Kermit	G
Lynch	G
will	V
be	V
poured	G
tomorrow	N
from	P
6-8	G
.	,
Oh	!
,	,
and	&
did	V
we	O
say	V
FREE	G
?	,
yes	!
,	,
you	O
read	V
right-FREE	G
!	,

Just	R
finished	V
reorganizing	G
my	D
external	G
hard	A
drives	G
.	,
That	D
felt	V
amazingly	G
refreshing	A
!	,

RT	~
@USER_7d7b5b4e	G
:	~
Pantone	G
is	V
pleased	T
to	P
announce	T
the	D
PLUS	T
Series	^
http://www.pantone.com/plus	T
for	P
designers	T
and	&
printers	T
.	,

I	O
just	R
took	V
"	,
You	O
walk	N
in	P
a	D
shop	T
you	O
see	V
a	D
boy	N
in	P
only	A
boxers	T
,	,
what	O
happens	T
when	R
this	D
..."	,
and	&
got	V
:	~
Part	N
1	$
!	,
Try	V
it	O
:	~
http://tinyurl.com/2dt3o7n	T

@USER_60674915	T
lol	!
?	,

http://tiny.cc/kdlmf	T

Bet	T
on	P
sports	T
with	P
this	D
sure-money	T
system	T
.	,
Win	V
over	P
90%	T
of	P
your	D
bets	T
!	,
http://cli.gs/E4rms	T

can	V
you	O
handle	!
the	D
quirk	T
?	,
— launch	T
of	P
'	,
Native	T
Trees	T
of	P
Canada	^
'	,
by	P
Leanne	T
Shapton	T
:	~
http://j.mp/9nho0l	T

RT	~
@USER_84c9e9e5	T
:	~
#prayforindonesia	#
http://myloc.me/dvLRd	T

KY-Sen	T
:	~
Rand	T
Paul	^
followers	N
try	V
to	P
suppress	T
curbstomping	T
video	N
http://t.co/Ft6P05z	T
[	,
Like	P
it	O
?	,
http://bit.ly/aH0QX3	T
]	,

I	O
wanna	V
see	V
#drake	T
and	&
#llcoolj	T
do	V
a	D
colab	T
together	R
,	,
who's	L
with	P
me	O
?	,

Rain	N
rain	N
go	V
away	R
<--	G
our	D
song	N
is	V
on	P
@USER_dc41b37d	T
I	O
kid	N
you	O
not	R
107.5	T

Always	R
caring	T
bout	P
other	A
muhfckers	T
feelings	T

Figurative	T
speech	N
#Englishmajors	T
help	V
me	O
out	P
:	~
"	,
Twenty	T
sails	T
came	V
into	P
the	D
harbor	T
"	,
is	V
an	D
example	T
of_____________	T
?	,
What	O
figurative	T
type	V
?	,

Oh	!
don't	V
get	V
it	O
twisted	T
,	,
imma	~
a	D
big	A
boy	N
with	P
swagg	T
&	&
much	A
jokes	T
!	,
I	O
go	V
in	P
on	P
a	D
Goober	T
quickly	T
!!	,
Lol	!

Cheer	V
for	P
the	D
toronto	~
raptors	T
.	,
#WhoDoesThat	#

East	^
Bay	^
Football	T
Poll	T
–	,
10/26	T
http://nblo.gs/9H1z8	T

pin	T
:	~
22B9FB5D	T
Add	T
Me	O

RT	~
@USER_32a6ae89	T
Climate	T
Change	N
Dispatch	T
-	,
A	D
Challenge	T
to	P
the	D
"	,
Warmists	T
"	,
http://bit.ly/bQs9TA	T

@USER_aa556638	T
Please	V
confirm	Z
you've	L
received	Z
the	D
code	N
or	&
I	O
will	V
have	V
to	P
cancel	~
it	O
.	,
I	O
have	V
not	R
heard	V
back	R
from	P
you	O
.	,
Thanks	N
.	,

RT	~
@USER_f31b4015	Z
:	~
Want	V
a	D
Fool's	Z
Gold	Z
poster	Z
signed	Z
by	P
Matthew	Z
McConaughey	Z
&	&
new	A
Justin	~
Boots	Z
?	,
Tweet	V
#justin50	Z
to	P
enter	V
!	,
Rules	V
here	R
:	~
http	U
...	,

New	A
NC	Z
Highway	Z
Signs	Z
Welcome	V
Motorists	Z
To	P
"	,
Most	A
Military	Z
Friendly	Z
State	^
":	Z
New	A
signs	N
going	V
up	A
on	P
the	D
major	A
highways	Z
...	,
http://bit.ly/cPNH6e	Z

thx	Z
to	P
@USER_b1b1bf79	Z
check	V
out	P
http://www.youtube.com/watch?v=IKqYXxl_0Rk	Z
"	,
Slumber	Z
Sleepover	Z
Lan	Z
Party	N
Massacre	^
"	,
trailer	N

@USER_57693bb9	Z
@USER_90b0b3c1	Z
@USER_7560b48b	Z
@USER_6a88f354	Z
can	V
i	O
have	V
your	D
email	N
so	R
i	O
can	V
invite	Z
you	O
to	P
a	D
sample	Z
sale	N

lmfaoooooo	Z
@	P
#heats	Z

@USER_79accd00	@
Let's	L
say	V
Darth	Z
Vader	X
was	V
still	R
alive	A
and	&
all	D
the	D
Ewoks	X
were	V
prisoners	X
(	,
not	R
to	P
mention	N
all	D
McFly	X
fans)	X
...	,
How	R
would	V
you	O
save	V
them	O
??	,

@USER_1a79b31a	X
the	D
bBr	X
aliases	X
don't	V
add	V
a	D
space	$

@USER_63d7d917	S
I	O
don't	V
use	V
Chrome	S
due	S
to	P
the	D
lack	S
of	P
a	D
good	A
Twitter	^
extension	S
(	,
and	&
extension	S
behavior	S
in	P
general)	S
.	,
Also	R
,	,
it	O
looks	V
weird	A

why	R
did	V
they	O
add	V
urban	S
league	S
to	P
Cleveland	^
???	,
I	O
miss	V
ms.	S
Jenkins	S
being	V
with	P
us	O
everyday	N
;(	M

#badcombination	M
any	D
bitch	N
born	V
in	P
da	D
9o's	M
&	&
me	O

@USER_f06b7f74	M
if	P
they	O
worse	A
then	R
those	D
then	R
yea	!
..	,
trash	Y
!!	,
need	V
a	D
bag	Y
?	,
lol	!
..	,

